GROUP,PACKAGE,CLASS,INSTRUCTION_MISSED,INSTRUCTION_COVERED,BRANCH_MISSED,BRANCH_COVERED,LINE_MISSED,LINE_COVERED,COMPLEXITY_MISSED,COMPLEXITY_COVERED,METHOD_MISSED,METHOD_COVERED
Assignment for class CS5010,edu.neu.ccs.cs5010.assignment5,RSA,28,219,6,14,4,48,6,16,0,12
Assignment for class CS5010,edu.neu.ccs.cs5010.assignment5,Bank.ValueComparator,0,26,0,2,0,6,0,3,0,2
Assignment for class CS5010,edu.neu.ccs.cs5010.assignment5,Client,2,148,2,6,1,43,2,15,0,13
Assignment for class CS5010,edu.neu.ccs.cs5010.assignment5,Bank,66,647,12,58,12,124,10,35,0,10
Assignment for class CS5010,edu.neu.ccs.cs5010.assignment5,SecureBankVerificationSimulator,37,117,10,14,13,32,10,8,0,6
